Sao tres meses de ferias Que passam depressa Curtir e a prioridade 
Temos que aproveitar bem Entao vamos nessa Mas tem que 
rolar novidade (Como por exemplo) Ir ao espaco Lutar com uma mumia Ou escalar 
a Torre Eiffel inteira Descobrir uma coisa maluca demais Ou lavar o macaco na banheira Surfar um maremoto 
Criar minirobos Ou colocar 
o monstro 
no diva (Ta aqui o cerebro) 
Achar mais um dodo Pintar um continente Ou enlouquecer nossa irma (Phineas!) Antes que 
as aulas comecem de novo Temos 
muito que fazer (Vem Perry!) Fique ligado pois com Phineas 
e Ferb Tudo pode acontecer Fique ligado pois 
com Phineas e Ferb Tudo pode acontecer Manhe! 
Phineas e o Ferb estao fazendo a abertura da serie! PEEEEEEWN!
Sao tres meses de ferias Que passam depressa Curtir e a prioridade Temos que aproveitar bem Entao vamos 
nessa Mas tem que 
rolar novidade (Como por exemplo) Ir ao espaco Lutar com uma mumia Ou escalar a Torre 
Eiffel inteira Descobrir uma coisa maluca demais Ou lavar o 
macaco na banheira Surfar um maremoto Criar minirobos 
Ou colocar 
o monstro no diva 
(Ta aqui o cerebro) Achar mais um dodo Pintar um continente Ou enlouquecer nossa irma (Phineas!) 
Antes que as aulas comecem de novo Temos muito que fazer (Vem Perry!) Fique ligado pois com Phineas e Ferb 
Tudo pode acontecer Fique ligado pois com Phineas e Ferb Tudo pode acontecer Manhe! Phineas e o Ferb 
estao fazendo a abertura da serie! PEEEEEEWN!
Sao tres meses de ferias Que passam depressa Curtir e a prioridade Temos que aproveitar bem 
Entao vamos 
nessa Mas tem que rolar novidade 
(Como por exemplo) Ir 
ao espaco Lutar com uma mumia 
Ou escalar 
a Torre Eiffel inteira Descobrir uma coisa maluca demais Ou lavar o macaco na banheira Surfar um maremoto Criar minirobos 
Ou colocar o monstro 
no diva 
(Ta aqui o cerebro) Achar mais um dodo Pintar um 
continente Ou enlouquecer nossa irma (Phineas!) Antes que as aulas comecem de novo Temos muito que fazer (Vem Perry!) Fique 
ligado pois com Phineas e Ferb Tudo pode acontecer Fique ligado pois com Phineas e Ferb Tudo pode acontecer Manhe! 
Phineas e o Ferb estao fazendo a abertura da serie! PEEEEEEWN!
Sao tres meses de 
Vem Perry!
Vem Perry!
Sao tres meses de ferias Que passam depressa Curtir e 
a prioridade Temos que aproveitar bem Entao vamos nessa Mas tem que rolar novidade 
(Como por 
exemplo) Ir ao espaco Lutar com uma mumia Ou escalar a Torre Eiffel inteira 
Descobrir uma coisa maluca demais Ou lavar o macaco na banheira Surfar um maremoto 
Criar minirobos Ou colocar o monstro no diva (Ta aqui 
o cerebro) Achar mais um dodo Pintar um continente Ou enlouquecer nossa irma (Phineas!) Antes que 
as aulas comecem de 
novo Temos muito que fazer (Vem Perry!) Fique ligado pois 
com Phineas e Ferb Tudo pode 
acontecer Fique ligado pois com Phineas e Ferb Tudo pode acontecer Manhe! Phineas e o Ferb 
Vem Perry!
Vem Perry!
Sao tres meses de ferias Que passam depressa Curtir e a prioridade Temos que aproveitar bem Entao vamos 
nessa Mas tem que rolar novidade (Como por exemplo) Ir ao espaco Lutar com uma mumia Ou escalar 
a Torre Eiffel inteira Descobrir uma coisa maluca demais Ou lavar o macaco na 
banheira Surfar um maremoto Criar minirobos Ou colocar o monstro 
no diva (Ta aqui o cerebro) Achar mais um dodo Pintar um continente Ou enlouquecer nossa 
irma (Phineas!) Antes que as aulas comecem de 
novo Temos muito que fazer (Vem Perry!) Fique ligado pois com Phineas e Ferb 
Tudo pode acontecer Fique ligado pois com Phineas e Ferb Tudo pode acontecer Manhe! Phineas e o Ferb 
estao fazendo a abertura da serie! PEEEEEEWN!
Sao tres meses de ferias Que passam depressa Curtir e a prioridade Temos que 
aproveitar bem Entao vamos nessa Mas tem que rolar novidade (Como por exemplo) Ir 
ao espaco Lutar com uma mumia Ou escalar a Torre 
Eiffel inteira Descobrir uma coisa maluca 
demais Ou lavar o macaco na banheira Surfar um maremoto Criar minirobos 
Ou colocar o monstro 
no diva (Ta aqui 
o cerebro) Achar mais um dodo Pintar um continente Ou enlouquecer nossa irma (Phineas!) Antes que as aulas 
comecem de novo Temos muito que fazer (Vem Perry!) Fique 
ligado pois com Phineas e Ferb Tudo pode 
acontecer Fique ligado pois com Phineas e Ferb Tudo pode acontecer Manhe! Phineas e o Ferb 
estao fazendo a abertura da serie! PEEEEEEWN!
Sao tres meses de ferias Que 
passam depressa Curtir e 
a prioridade Temos que aproveitar bem Entao vamos 
nessa Mas tem que rolar novidade (Como por exemplo) Ir ao espaco Lutar com 
uma mumia Ou escalar a Torre Eiffel inteira Descobrir uma 
coisa maluca demais Ou lavar o macaco na banheira Surfar um maremoto Criar minirobos Ou colocar o monstro no diva 
(Ta aqui 
o cerebro) Achar mais um dodo Pintar um continente Ou 
enlouquecer nossa irma (Phineas!) 
Antes que as aulas comecem de novo Temos muito que fazer (Vem Perry!) Fique ligado pois 
com Phineas e Ferb Tudo pode 
acontecer Fique ligado pois com Phineas e Ferb Tudo pode 
acontecer Manhe! Phineas e o Ferb estao fazendo a abertura 
da serie! PEEEEEEWN!
Sao tres meses de ferias Que passam depressa Curtir e a prioridade Temos que aproveitar bem Entao vamos nessa Mas 
tem que rolar novidade (Como por exemplo) Ir ao espaco Lutar com uma mumia 
Ou escalar a Torre Eiffel inteira Descobrir uma coisa maluca 
demais Ou lavar o macaco na banheira Surfar um maremoto 
Criar minirobos 
Ou colocar o monstro no diva (Ta aqui o cerebro) 
Achar mais um dodo Pintar um continente Ou enlouquecer nossa irma (Phineas!) Antes que 
as aulas comecem de novo Temos muito que fazer (Vem Perry!) Fique ligado pois com Phineas 
e Ferb Tudo pode acontecer Fique ligado pois com Phineas e Ferb Tudo pode acontecer Manhe! Phineas e 
o Ferb estao fazendo a abertura da serie! PEEEEEEWN!
Sao tres meses de ferias Que passam depressa Curtir e a prioridade 
Temos que aproveitar bem Entao vamos nessa Mas tem que rolar novidade (Como por exemplo) Ir 
ao espaco Lutar com uma mumia Ou escalar a Torre Eiffel inteira Descobrir uma coisa maluca demais Ou lavar o 
macaco na 
banheira Surfar 
um maremoto Criar minirobos Ou colocar o monstro no diva (Ta aqui o cerebro) Achar mais um dodo 
Vem Perry!
Sao tres meses de ferias Que passam depressa Curtir e a prioridade Temos que aproveitar bem Entao vamos 
nessa Mas tem que rolar novidade (Como por exemplo) Ir ao espaco Lutar com 
uma mumia Ou escalar a Torre Eiffel inteira Descobrir uma coisa maluca demais Ou lavar o macaco na banheira Surfar 
um maremoto Criar minirobos Ou colocar o monstro no diva (Ta aqui o cerebro) Achar mais um dodo 
Vem Perry!
Sao tres meses de ferias Que passam depressa Curtir e a prioridade 
Temos que aproveitar bem Entao vamos nessa Mas tem que rolar novidade (Como por exemplo) Ir 
ao espaco Lutar com uma mumia Ou escalar a Torre Eiffel inteira Descobrir uma 
Vem Perry!
Sao tres meses de ferias Que passam depressa Curtir e a prioridade Temos que aproveitar bem Entao vamos nessa Mas 
tem que rolar novidade (Como por exemplo) Ir ao espaco Lutar com uma mumia Ou escalar a Torre Eiffel inteira 
Descobrir uma coisa maluca 
demais Ou lavar o macaco na banheira Surfar um maremoto 
Criar minirobos Ou colocar 
o monstro no diva (Ta aqui 
o cerebro) Achar mais um dodo Pintar um continente Ou enlouquecer nossa irma (Phineas!) Antes que as aulas comecem de 
novo Temos muito que fazer (Vem Perry!) Fique ligado pois com Phineas e Ferb 
Tudo pode acontecer Fique 
ligado pois com Phineas e Ferb 
Tudo pode acontecer Manhe! Phineas e o Ferb estao fazendo a abertura 
da serie! PEEEEEEWN!
Sao tres meses de ferias Que passam depressa Curtir e a prioridade 
Temos que 
aproveitar bem Entao vamos nessa Mas 
tem que rolar novidade (Como por exemplo) Ir ao espaco Lutar com uma mumia 
Ou escalar a Torre Eiffel inteira Descobrir uma 
coisa maluca demais Ou 
lavar o macaco na banheira Surfar um maremoto Criar minirobos 
Ou colocar o monstro 
no diva (Ta aqui o cerebro) Achar mais um dodo 
Pintar um continente Ou enlouquecer nossa irma (Phineas!) Antes que 
as aulas comecem de novo Temos 
muito que fazer (Vem Perry!) Fique ligado pois com Phineas 
e Ferb Tudo pode acontecer Fique ligado pois com Phineas e Ferb 
Tudo pode acontecer Manhe! 
Vem Perry!
Sao tres meses de ferias Que passam depressa Curtir e a prioridade 
Temos que aproveitar bem Entao vamos nessa Mas tem que rolar novidade (Como por exemplo) Ir 
Vem Perry!
Sao tres 
meses de ferias Que passam depressa 
Curtir e a prioridade Temos que aproveitar bem Entao vamos nessa Mas tem que rolar novidade (Como por 
exemplo) Ir ao espaco Lutar com uma mumia Ou escalar a Torre Eiffel inteira Descobrir uma coisa maluca demais Ou 
Vem Perry!
Sao tres meses de ferias Que passam depressa Curtir e a prioridade Temos que aproveitar bem Entao vamos 
nessa Mas tem que rolar novidade (Como por exemplo) Ir 
ao espaco Lutar com uma mumia Ou escalar a Torre Eiffel inteira Descobrir uma coisa maluca 
demais Ou lavar o macaco na banheira Surfar um maremoto Criar minirobos 
Ou colocar o monstro no diva (Ta aqui o cerebro) 
Achar mais um dodo 
Pintar um continente Ou enlouquecer nossa irma (Phineas!) Antes que as aulas comecem de 
novo Temos muito que 
fazer (Vem Perry!) Fique ligado pois com Phineas e Ferb Tudo pode acontecer Fique ligado pois 
com Phineas e Ferb Tudo pode acontecer Manhe! Phineas e o Ferb estao fazendo a abertura da serie! PEEEEEEWN!
Sao tres meses de ferias Que passam depressa Curtir e a prioridade Temos que aproveitar bem Entao vamos nessa Mas 
tem que rolar novidade (Como por exemplo) Ir ao espaco Lutar com uma mumia Ou escalar a Torre 
Eiffel inteira Descobrir uma coisa maluca demais Ou lavar o macaco na banheira Surfar um maremoto 
Criar minirobos Ou colocar o monstro no diva (Ta aqui o cerebro) Achar mais um dodo Pintar um 
continente Ou enlouquecer nossa irma (Phineas!) Antes que as aulas comecem de novo Temos muito que fazer (Vem Perry!) Fique 
ligado pois com Phineas e Ferb Tudo pode acontecer Fique ligado pois 
com Phineas e Ferb Tudo pode acontecer Manhe! Phineas e o Ferb estao fazendo a abertura 
da serie! PEEEEEEWN!
Sao tres meses de ferias Que passam depressa 
Curtir e a prioridade Temos que aproveitar bem Entao vamos 
nessa Mas tem que rolar novidade (Como por exemplo) Ir ao espaco Lutar com 
uma mumia Ou escalar a Torre Eiffel inteira Descobrir uma 
coisa maluca demais Ou lavar o macaco na 
banheira Surfar um maremoto Criar minirobos Ou colocar o monstro no diva (Ta aqui o cerebro) Achar mais 
um dodo Pintar um 
continente Ou enlouquecer nossa irma (Phineas!) Antes que as aulas comecem de novo Temos muito que 
fazer (Vem 
Perry!) Fique ligado pois com Phineas e Ferb Tudo pode acontecer Fique ligado pois 
com Phineas e Ferb Tudo pode acontecer Manhe! Phineas e o Ferb estao fazendo a abertura 
da serie! PEEEEEEWN!
Sao tres meses de ferias Que passam depressa Curtir e a prioridade Temos que aproveitar bem Entao vamos nessa Mas 
tem que rolar novidade (Como por 
exemplo) Ir ao espaco Lutar com uma mumia Ou escalar a Torre Eiffel inteira Descobrir uma 
coisa maluca demais Ou lavar o 
macaco na banheira Surfar um maremoto Criar minirobos Ou colocar o monstro no diva 
(Ta aqui o cerebro) Achar mais um dodo Pintar um continente Ou enlouquecer nossa 
irma (Phineas!) Antes que as aulas comecem de novo Temos muito que fazer (Vem Perry!) Fique ligado pois com Phineas 
e Ferb Tudo pode acontecer Fique ligado pois com Phineas e Ferb Tudo pode acontecer Manhe! Phineas e o Ferb 
estao fazendo a abertura da serie! PEEEEEEWN!
Sao tres 
meses de ferias Que passam depressa Curtir e a prioridade Temos que 
aproveitar bem Entao vamos 
nessa Mas tem que rolar novidade (Como por exemplo) Ir 
ao espaco Lutar com uma mumia Ou escalar a Torre Eiffel inteira Descobrir uma coisa maluca demais Ou lavar o 
macaco na banheira Surfar um maremoto Criar minirobos Ou colocar o monstro no diva (Ta aqui o cerebro) Achar mais 
um dodo Pintar um continente Ou enlouquecer nossa irma (Phineas!) 
Antes que as aulas comecem de novo Temos muito que fazer (Vem Perry!) Fique 
ligado pois com Phineas e Ferb Tudo pode acontecer Fique ligado pois com Phineas 
e Ferb Tudo pode acontecer Manhe! Phineas e o Ferb 
estao fazendo a abertura da serie! PEEEEEEWN!
Sao tres meses de 
ferias Que passam depressa Curtir e a prioridade Temos que aproveitar bem Entao vamos nessa Mas 
tem que rolar novidade (Como por exemplo) Ir ao espaco Lutar com uma mumia Ou escalar a Torre 
Eiffel inteira Descobrir uma coisa maluca demais Ou 
lavar o macaco na banheira Surfar um maremoto 
Criar minirobos Ou colocar o monstro no diva 
(Ta aqui o cerebro) Achar mais um dodo Pintar um continente Ou enlouquecer nossa irma (Phineas!) 
Antes que as aulas comecem de novo Temos muito que fazer (Vem 
Perry!) Fique 
ligado pois com Phineas e Ferb Tudo pode acontecer Fique ligado pois com Phineas e Ferb 
Tudo pode acontecer Manhe! Phineas e o Ferb estao fazendo a abertura da serie! PEEEEEEWN!
Sao tres meses de ferias Que passam depressa Curtir e a prioridade Temos que aproveitar bem 
Entao vamos nessa Mas tem que rolar novidade (Como por exemplo) Ir ao espaco Lutar com uma mumia 
Ou escalar a Torre 
Eiffel inteira Descobrir uma coisa maluca demais Ou 
lavar o macaco na banheira Surfar um maremoto Criar minirobos Ou colocar o monstro no diva 
Vem Perry!
Sao tres meses de ferias Que passam depressa 
Curtir e a prioridade 
Temos que aproveitar bem Entao vamos nessa Mas tem que rolar novidade 
(Como por exemplo) Ir ao espaco Lutar com uma mumia Ou escalar a Torre Eiffel inteira Descobrir uma coisa maluca 
demais Ou lavar o macaco na banheira Surfar um maremoto Criar minirobos 
Ou colocar o monstro no diva (Ta aqui o cerebro) Achar mais um dodo Pintar um continente Ou 
enlouquecer nossa irma (Phineas!) Antes que as aulas comecem de novo Temos 
muito que fazer (Vem 
Perry!) Fique ligado pois com Phineas e Ferb Tudo pode acontecer Fique ligado pois com Phineas e Ferb Tudo pode 
acontecer Manhe! Phineas e o Ferb 
estao fazendo a abertura da serie! PEEEEEEWN!
Sao tres meses de ferias Que passam depressa Curtir e a prioridade Temos que aproveitar bem 
Entao vamos nessa Mas tem que rolar novidade (Como por 
exemplo) Ir ao espaco Lutar com uma mumia Ou escalar a Torre Eiffel inteira Descobrir uma 
coisa maluca demais Ou lavar o macaco na banheira Surfar um maremoto Criar minirobos Ou colocar o monstro no diva 
(Ta aqui 
o cerebro) Achar mais um dodo Pintar um continente Ou enlouquecer nossa 
irma (Phineas!) Antes que as aulas comecem de novo Temos 
muito que fazer (Vem Perry!) Fique ligado pois 
com Phineas e Ferb 
Tudo pode acontecer Fique ligado pois com Phineas e Ferb Tudo pode acontecer Manhe! Phineas e o Ferb 
estao fazendo a abertura da serie! PEEEEEEWN!
Sao tres meses de ferias Que passam depressa 
Curtir e a prioridade Temos que aproveitar bem 
Entao vamos nessa Mas tem que rolar novidade 
(Como por exemplo) Ir ao espaco Lutar com uma mumia Ou escalar a Torre Eiffel inteira Descobrir uma coisa maluca 
demais Ou lavar o macaco na banheira Surfar um maremoto Criar minirobos Ou colocar o monstro no diva (Ta aqui 
o cerebro) Achar mais um dodo Pintar um continente Ou enlouquecer nossa irma (Phineas!) Antes que as aulas 
comecem de novo Temos muito que fazer (Vem 
Perry!) Fique ligado pois com Phineas e Ferb Tudo pode acontecer Fique ligado pois com Phineas e Ferb 
Tudo pode acontecer Manhe! Phineas e o Ferb estao fazendo a abertura 
da serie! PEEEEEEWN!
Sao tres 
meses de ferias Que passam depressa 
Curtir e a prioridade Temos que aproveitar bem Entao vamos nessa Mas tem que rolar novidade (Como por 
exemplo) Ir ao espaco Lutar com 
uma mumia Ou escalar a Torre Eiffel inteira Descobrir uma coisa maluca 
demais Ou lavar o macaco na banheira Surfar um maremoto Criar minirobos Ou colocar 
o monstro no diva (Ta aqui o cerebro) Achar mais um dodo Pintar um continente Ou enlouquecer nossa irma (Phineas!) 
Antes que as aulas comecem de novo Temos muito que fazer (Vem 
Perry!) Fique ligado pois 
com Phineas e Ferb Tudo pode acontecer Fique ligado pois com Phineas e Ferb Tudo pode acontecer Manhe! Phineas e 
o Ferb estao fazendo a abertura da serie! PEEEEEEWN!
Sao tres meses de ferias Que passam depressa 
Curtir e a prioridade Temos que aproveitar bem Entao vamos nessa Mas tem que 
rolar novidade (Como por exemplo) Ir ao espaco Lutar com uma mumia Ou escalar a Torre 
Eiffel inteira Descobrir uma coisa maluca demais Ou 
lavar o macaco na banheira Surfar um maremoto 
Criar minirobos Ou colocar o monstro no diva (Ta aqui o cerebro) Achar mais 
um dodo Pintar um continente Ou enlouquecer nossa irma (Phineas!) Antes que 
as aulas comecem de novo Temos muito que fazer (Vem Perry!) Fique ligado pois com Phineas e Ferb 
Tudo pode 
acontecer Fique ligado pois com Phineas e Ferb Tudo pode acontecer Manhe! 
Phineas e o Ferb estao fazendo a abertura da serie! PEEEEEEWN!
Sao tres meses de ferias Que passam depressa Curtir e a prioridade Temos que 
aproveitar bem Entao vamos nessa Mas tem que rolar novidade (Como por exemplo) Ir ao espaco Lutar com uma mumia 
Ou escalar a Torre 
Eiffel inteira Descobrir uma coisa maluca demais Ou lavar o macaco na banheira Surfar 
um maremoto Criar minirobos Ou colocar o monstro no diva (Ta aqui o cerebro) 
Achar mais um dodo Pintar um continente Ou enlouquecer nossa irma (Phineas!) Antes que as aulas comecem de 
novo Temos muito que fazer (Vem 
Perry!) Fique ligado pois com Phineas 
e Ferb Tudo pode acontecer Fique 
ligado pois com Phineas e Ferb Tudo pode acontecer Manhe! 
Phineas e o Ferb estao fazendo a abertura da serie! PEEEEEEWN!
Sao tres meses de ferias Que passam depressa Curtir e 
a prioridade Temos que aproveitar bem Entao vamos nessa Mas tem que rolar novidade 
(Como por 
exemplo) Ir ao espaco Lutar com uma mumia 
Ou escalar a Torre Eiffel inteira Descobrir uma coisa maluca demais Ou 
lavar o macaco na banheira Surfar um maremoto Criar minirobos Ou colocar o monstro 
no diva (Ta aqui o cerebro) Achar mais um dodo Pintar um 
continente Ou 
enlouquecer nossa irma (Phineas!) Antes que as aulas comecem de novo Temos muito que fazer (Vem Perry!) Fique ligado pois 
com Phineas e Ferb Tudo pode acontecer Fique ligado pois 
Vem Perry!
Sao tres meses de ferias Que passam depressa Curtir e a prioridade Temos que aproveitar bem Entao vamos 
nessa Mas tem que 
rolar novidade (Como por exemplo) Ir ao espaco Lutar com uma mumia Ou escalar a Torre Eiffel inteira 
Descobrir uma coisa maluca demais Ou lavar o macaco na 
banheira Surfar um maremoto 
Criar minirobos Ou colocar 
o monstro no diva (Ta aqui 
o cerebro) Achar mais um dodo Pintar um continente Ou enlouquecer nossa irma (Phineas!) Antes que as aulas 
comecem de novo Temos 
muito que fazer (Vem Perry!) Fique ligado pois com Phineas e Ferb Tudo pode 
acontecer Fique ligado pois 
com Phineas e Ferb Tudo pode 
acontecer Manhe! 
Phineas e o Ferb estao fazendo a abertura da serie! PEEEEEEWN!
Sao tres meses de ferias Que passam depressa Curtir e a prioridade Temos que aproveitar bem Entao vamos 
nessa Mas tem que 
rolar novidade (Como por exemplo) Ir ao espaco Lutar com uma mumia Ou escalar a Torre Eiffel inteira Descobrir uma 
coisa maluca demais Ou lavar o 
macaco na banheira Surfar um maremoto Criar minirobos Ou colocar o monstro 
no diva (Ta aqui o cerebro) Achar mais um dodo 
Pintar um continente Ou enlouquecer nossa irma (Phineas!) Antes que as aulas 
comecem de novo Temos muito que fazer (Vem Perry!) Fique ligado pois com Phineas e Ferb Tudo pode acontecer Fique 
ligado pois com Phineas e Ferb Tudo pode acontecer Manhe! 
Phineas e o Ferb estao fazendo a abertura 
da serie! PEEEEEEWN!
Sao tres meses de ferias Que passam depressa Curtir e a prioridade Temos que aproveitar bem Entao vamos 
nessa Mas tem que rolar novidade (Como por exemplo) Ir 
ao espaco Lutar com uma mumia Ou escalar a Torre Eiffel inteira Descobrir uma coisa maluca demais Ou 
lavar o macaco na 
banheira Surfar um maremoto Criar minirobos 
Vem Perry!
Sao tres meses de ferias Que passam depressa Curtir e a prioridade Temos que aproveitar bem 
Entao vamos nessa Mas tem que rolar novidade 
(Como por exemplo) Ir ao espaco 
Lutar com uma mumia Ou escalar a Torre Eiffel inteira Descobrir uma coisa maluca demais Ou lavar o 
macaco na banheira Surfar um maremoto 
Criar minirobos Ou colocar o monstro no diva (Ta aqui 
o cerebro) Achar mais um dodo Pintar um continente Ou enlouquecer nossa irma (Phineas!) 
Antes que as aulas 
comecem de novo Temos muito que fazer (Vem Perry!) Fique ligado pois com Phineas e Ferb Tudo pode acontecer Fique 
ligado pois com Phineas e Ferb Tudo pode 
acontecer Manhe! Phineas e o Ferb estao fazendo a abertura da serie! PEEEEEEWN!
Sao tres meses de ferias Que passam depressa Curtir e a prioridade Temos que aproveitar bem Entao vamos 
nessa Mas tem que rolar novidade (Como por exemplo) Ir ao espaco Lutar com 
uma mumia Ou escalar a Torre Eiffel inteira Descobrir uma coisa maluca demais Ou 
lavar o macaco na banheira Surfar um maremoto Criar minirobos Ou colocar o monstro no diva (Ta aqui o cerebro) 
Achar mais 
um dodo Pintar um continente Ou enlouquecer nossa irma (Phineas!) Antes que as aulas 
comecem de novo Temos muito que fazer (Vem Perry!) Fique ligado pois 
com Phineas e Ferb Tudo pode acontecer Fique ligado pois com Phineas e Ferb 
Tudo pode acontecer Manhe! Phineas e o Ferb estao fazendo 
a abertura da serie! PEEEEEEWN!
Sao tres meses de ferias Que passam depressa Curtir e a prioridade 
Temos que aproveitar bem Entao vamos nessa Mas tem que rolar novidade (Como por exemplo) Ir 
ao espaco Lutar com uma mumia Ou escalar a Torre Eiffel inteira Descobrir uma coisa maluca 
demais Ou lavar o macaco na banheira Surfar um maremoto 
Criar minirobos Ou colocar 
o monstro no diva (Ta aqui o cerebro) 
Achar mais um dodo Pintar um continente Ou enlouquecer nossa irma (Phineas!) Antes que as aulas 
comecem de novo Temos 
muito que fazer (Vem Perry!) Fique ligado pois com Phineas e Ferb 
Tudo pode acontecer Fique ligado pois com Phineas e Ferb Tudo pode acontecer Manhe! Phineas e o Ferb 
estao fazendo a abertura da serie! PEEEEEEWN!
Sao tres meses de ferias Que passam depressa Curtir e a prioridade Temos que aproveitar bem Entao vamos 
nessa Mas tem que rolar novidade (Como por 
exemplo) Ir ao espaco Lutar com uma mumia 
Ou escalar a Torre Eiffel inteira Descobrir uma coisa maluca demais Ou lavar o macaco na banheira Surfar 
um maremoto Criar minirobos Ou colocar o monstro no diva (Ta aqui o cerebro) Achar mais 
um dodo 
Pintar um continente Ou enlouquecer nossa irma (Phineas!) Antes que as aulas comecem de novo Temos muito que fazer (Vem 
Perry!) Fique ligado pois com Phineas e Ferb Tudo pode acontecer Fique ligado pois com Phineas e Ferb 
Tudo pode acontecer Manhe! Phineas e o Ferb estao fazendo 
a abertura da serie! PEEEEEEWN!
Sao tres meses de ferias Que passam depressa Curtir e a prioridade Temos que aproveitar bem Entao vamos 
nessa Mas tem que rolar novidade (Como por exemplo) Ir 
ao espaco Lutar com uma mumia Ou escalar a Torre Eiffel inteira Descobrir uma coisa maluca 
Vem Perry!
Sao tres meses de ferias Que 
passam depressa 
Curtir e a prioridade Temos que aproveitar bem 
Entao vamos nessa Mas tem que rolar novidade (Como por exemplo) Ir ao espaco Lutar com uma mumia 
Ou escalar a Torre Eiffel inteira Descobrir uma coisa maluca demais Ou lavar o macaco na banheira Surfar 
um maremoto Criar minirobos Ou colocar o monstro no diva (Ta aqui o cerebro) Achar mais um dodo 
Pintar um continente Ou enlouquecer nossa irma (Phineas!) Antes que as aulas comecem de novo Temos 
muito que fazer (Vem Perry!) Fique ligado pois com Phineas e Ferb Tudo pode 
acontecer Fique ligado pois com Phineas e Ferb Tudo pode acontecer Manhe! Phineas e o Ferb 
estao fazendo a abertura da serie! PEEEEEEWN!
Sao tres meses de ferias Que passam depressa Curtir e a prioridade Temos que aproveitar bem 
Entao vamos nessa Mas 
tem que rolar novidade (Como por exemplo) Ir ao espaco Lutar com uma mumia Ou escalar a Torre 
Vem Perry!
Sao tres meses de ferias Que passam depressa Curtir e a prioridade Temos que aproveitar bem 
Entao vamos nessa Mas tem que rolar novidade (Como por exemplo) Ir ao espaco Lutar com uma mumia 
Ou escalar a Torre Eiffel inteira Descobrir uma coisa maluca demais Ou lavar o 
macaco na banheira Surfar um maremoto Criar minirobos Ou colocar o monstro no diva (Ta aqui o cerebro) 
Achar mais um dodo Pintar um continente Ou enlouquecer nossa irma (Phineas!) Antes que as aulas comecem de novo Temos 
muito que fazer (Vem Perry!) Fique ligado pois com Phineas e Ferb Tudo pode 
acontecer Fique ligado pois com Phineas 
e Ferb Tudo pode acontecer Manhe! Phineas e 
o Ferb estao fazendo a abertura da serie! PEEEEEEWN!
Sao tres meses de ferias Que passam depressa Curtir e a prioridade Temos que aproveitar bem Entao vamos 
nessa Mas tem que 
rolar novidade (Como por exemplo) Ir ao espaco Lutar com uma mumia Ou escalar a Torre Eiffel inteira 
Descobrir uma coisa maluca demais Ou lavar o macaco na banheira Surfar 
um maremoto Criar minirobos 
Ou colocar o monstro no diva (Ta aqui o cerebro) 
Achar mais um dodo Pintar um 
continente Ou 
enlouquecer nossa irma (Phineas!) Antes que as aulas comecem de novo Temos muito que 
fazer (Vem Perry!) Fique ligado pois com Phineas 
e Ferb Tudo pode acontecer Fique ligado pois com Phineas e Ferb 
Tudo pode acontecer Manhe! Phineas e 
o Ferb estao fazendo a abertura da serie! PEEEEEEWN!
Sao tres 
meses de ferias Que 
passam depressa Curtir e a prioridade Temos que 
aproveitar bem Entao vamos nessa Mas tem que rolar novidade (Como por exemplo) Ir ao espaco Lutar com 
uma mumia Ou escalar a Torre Eiffel inteira Descobrir uma coisa maluca demais Ou lavar o macaco na banheira Surfar 
um maremoto 
Criar minirobos Ou colocar o monstro no diva (Ta aqui o cerebro) 
Achar mais um dodo Pintar um continente Ou enlouquecer nossa irma (Phineas!) Antes que as aulas comecem de 
novo Temos 
muito que fazer (Vem Perry!) Fique ligado pois com Phineas e Ferb Tudo pode acontecer Fique ligado pois com Phineas 
e Ferb Tudo pode acontecer Manhe! Phineas e o Ferb estao fazendo 
a abertura da serie! PEEEEEEWN!
Sao tres meses de ferias Que passam depressa Curtir e a prioridade Temos que aproveitar bem Entao vamos 
nessa Mas tem que rolar novidade (Como por exemplo) Ir ao espaco 
Lutar com uma mumia Ou escalar a Torre Eiffel inteira Descobrir uma coisa maluca demais Ou 
lavar o macaco na banheira Surfar um maremoto Criar minirobos 
Ou colocar o monstro no diva (Ta aqui 
o cerebro) Achar mais um dodo Pintar um continente Ou 
enlouquecer nossa irma (Phineas!) Antes que as aulas comecem de novo Temos 
muito que fazer (Vem Perry!) Fique ligado pois com Phineas e Ferb Tudo pode acontecer Fique 
ligado pois com Phineas e Ferb Tudo pode acontecer Manhe! Phineas e o Ferb estao fazendo a abertura da serie! PEEEEEEWN!
Sao tres meses de ferias Que 
passam depressa Curtir e a prioridade Temos que aproveitar bem Entao vamos nessa Mas 
tem que rolar novidade (Como por exemplo) Ir 
ao espaco Lutar com 
uma mumia Ou escalar 
a Torre Eiffel inteira Descobrir uma coisa maluca demais Ou lavar o macaco na banheira Surfar 
um maremoto Criar minirobos Ou colocar o monstro no diva (Ta aqui o cerebro) Achar mais 
um dodo Pintar um continente Ou enlouquecer nossa irma (Phineas!) 
Antes que 
as aulas comecem de novo Temos muito que fazer (Vem Perry!) Fique ligado pois com Phineas e Ferb 
Tudo pode acontecer Fique ligado pois com Phineas e Ferb Tudo pode acontecer Manhe! Phineas e o Ferb 
estao fazendo a abertura da serie! PEEEEEEWN!
Sao tres meses de ferias Que passam depressa Curtir e a prioridade Temos que aproveitar bem Entao vamos 
nessa Mas tem que rolar novidade (Como por exemplo) Ir 
ao espaco Lutar com uma mumia Ou escalar a Torre 
Eiffel inteira Descobrir uma coisa maluca demais Ou lavar o macaco na banheira Surfar um maremoto 
Criar minirobos Ou colocar o monstro no diva (Ta aqui o cerebro) Achar mais um dodo Pintar um continente Ou 
enlouquecer nossa irma (Phineas!) Antes que as aulas comecem de novo Temos muito que fazer (Vem Perry!) Fique ligado pois 
com Phineas e Ferb Tudo pode acontecer Fique ligado pois 
com Phineas 
e Ferb Tudo pode acontecer Manhe! Phineas e o Ferb 
estao fazendo a abertura da serie! PEEEEEEWN!
Sao tres meses de ferias Que passam depressa Curtir e a prioridade 
Temos que aproveitar bem Entao vamos nessa Mas tem que rolar novidade 
(Como por exemplo) Ir ao espaco Lutar com uma mumia Ou escalar a Torre 
Eiffel inteira Descobrir uma coisa maluca demais Ou lavar o macaco na banheira Surfar um maremoto Criar minirobos 
Ou colocar o monstro 
no diva (Ta aqui o cerebro) 
Achar mais um dodo Pintar um continente Ou enlouquecer nossa irma (Phineas!) Antes que as aulas 
comecem de novo Temos 
muito que fazer (Vem Perry!) Fique 
ligado pois com Phineas e Ferb Tudo pode acontecer Fique 
ligado pois com Phineas e Ferb Tudo pode acontecer Manhe! Phineas e 
o Ferb estao fazendo a abertura da serie! PEEEEEEWN!
Sao tres meses de ferias Que passam depressa Curtir e 
a prioridade Temos que aproveitar bem Entao vamos nessa Mas tem que rolar novidade 
(Como por exemplo) Ir ao espaco 
Lutar com uma mumia 
Ou escalar a Torre Eiffel inteira Descobrir uma coisa maluca demais Ou lavar o macaco na 
Vem Perry!
Sao tres meses de ferias Que 
passam depressa 
Curtir e a prioridade Temos que aproveitar bem Entao vamos nessa Mas tem que rolar novidade (Como por exemplo) Ir 
ao espaco Lutar com uma mumia Ou escalar a Torre Eiffel inteira Descobrir uma coisa maluca demais Ou lavar o 
macaco na banheira Surfar um maremoto Criar minirobos 
Ou colocar o monstro no diva (Ta aqui o cerebro) Achar mais um dodo Pintar um continente Ou 
enlouquecer nossa irma (Phineas!) Antes que as aulas comecem de novo Temos muito que 
fazer (Vem Perry!) Fique 
ligado pois com Phineas e Ferb Tudo pode acontecer Fique ligado pois com Phineas e Ferb Tudo pode acontecer Manhe! 
Phineas e o Ferb 
estao fazendo a abertura da serie! PEEEEEEWN!
Sao tres meses de ferias Que passam depressa 
Vem Perry!
Sao tres meses de ferias Que passam depressa Curtir e a prioridade Temos que aproveitar bem Entao vamos 
nessa Mas tem que rolar novidade (Como por exemplo) Ir ao espaco Lutar com uma mumia Ou escalar 
a Torre Eiffel inteira Descobrir uma coisa maluca demais Ou lavar o macaco na banheira Surfar um maremoto 
Criar minirobos Ou colocar o monstro no diva (Ta aqui o cerebro) Achar mais um dodo 
Pintar um continente Ou enlouquecer nossa irma (Phineas!) Antes que as aulas comecem de 
novo Temos muito que fazer (Vem Perry!) Fique ligado pois com Phineas e Ferb Tudo pode 
acontecer Fique ligado pois com Phineas e Ferb Tudo pode acontecer Manhe! Phineas e 
o Ferb estao fazendo a abertura da serie! PEEEEEEWN!
Sao tres meses de ferias Que passam depressa Curtir e a prioridade Temos que aproveitar bem 
Entao vamos nessa Mas tem que rolar novidade (Como por 
exemplo) Ir ao espaco Lutar com uma mumia 
Ou escalar a Torre Eiffel inteira Descobrir uma coisa maluca 
demais Ou lavar o macaco na banheira Surfar um maremoto 
Criar minirobos Ou colocar o monstro no diva (Ta aqui o cerebro) Achar mais um dodo Pintar um continente Ou 
enlouquecer nossa irma (Phineas!) 
Antes que as aulas comecem de novo Temos muito que 
fazer (Vem Perry!) Fique 
ligado pois com Phineas e Ferb 
Tudo pode acontecer Fique ligado pois com Phineas e Ferb 
Tudo pode acontecer Manhe! Phineas e 
o Ferb estao fazendo a abertura da serie! PEEEEEEWN!
