Uniao faz
Nao falta!
Nada!
Anoitece, amanhece e o efeito permanece...
E assim nasceram as meninas Superpoderosas
E assim nasceram as meninas Superpoderosas
E assim nasceram as meninas Superpoderosas, usando seus ultra-super poderes - Florzinha, Lindinha e Docinho, tem dedicado suas vidas Combatendo o crime, e as forcas do mal!
E assim nasceram as meninas Superpoderosas
?
?
?
E assim nasceram as meninas Superpoderosas, usando seus ultra-super poderes - Florzinha, Lindinha e Docinho, tem dedicado suas vidas Combatendo o crime, e as forcas do mal!
E assim nasceram as meninas Superpoderosas, usando seus ultra-super poderes - Florzinha, Lindinha e Docinho, tem dedicado suas vidas Combatendo o crime, e as forcas do mal!
E assim nasceram as meninas Superpoderosas, usando seus ultra-super poderes - Florzinha, Lindinha e Docinho, tem dedicado suas vidas Combatendo o crime, e as forcas do mal!
E assim nasceram as meninas Superpoderosas, usando seus ultra-super poderes - Florzinha, Lindinha e Docinho, tem dedicado suas vidas Combatendo o crime, e as forcas do mal!
E assim nasceram as meninas Superpoderosas, usando seus ultra-super poderes - Florzinha, Lindinha e Docinho, tem dedicado suas vidas Combatendo o crime, e as forcas do mal!
E assim nasceram as meninas Superpoderosas, usando seus ultra-super poderes - Florzinha, Lindinha e Docinho, tem dedicado suas vidas Combatendo o crime, e as forcas do mal!
E assim nasceram as meninas Superpoderosas, usando seus ultra-super poderes - Florzinha, Lindinha e Docinho, tem dedicado suas vidas Combatendo o crime, e as forcas do mal!
E assim nasceram as meninas Superpoderosas, usando seus ultra-super poderes - Florzinha, Lindinha e Docinho, tem dedicado suas vidas Combatendo o crime, e as forcas do mal!
E assim nasceram as meninas Superpoderosas, usando seus ultra-super poderes - Florzinha, Lindinha e Docinho, tem dedicado suas vidas Combatendo o crime, e as forcas do mal!
E assim nasceram as meninas Superpoderosas, usando seus ultra-super poderes - Florzinha, Lindinha e Docinho, tem dedicado suas vidas Combatendo o crime, e as forcas do mal!
E assim nasceram as meninas Superpoderosas, usando seus ultra-super poderes - Florzinha, Lindinha e Docinho, tem dedicado suas vidas Combatendo o crime, e as forcas do mal!
E assim nasceram as meninas Superpoderosas, usando seus ultra-super poderes - Florzinha, Lindinha e Docinho, tem dedicado suas vidas Combatendo o crime, e as forcas do mal!
E assim nasceram as meninas Superpoderosas, usando seus ultra-super poderes - Florzinha, Lindinha e Docinho, tem dedicado suas vidas Combatendo o crime, e as forcas do mal!
E assim nasceram as meninas Superpoderosas, usando seus ultra-super poderes - Florzinha, Lindinha e Docinho, tem dedicado suas vidas Combatendo o crime, e as forcas do mal!
E assim nasceram as meninas Superpoderosas, usando seus ultra-super poderes - Florzinha, Lindinha e Docinho, tem dedicado suas vidas Combatendo o crime, e as forcas do mal!
E assim nasceram as meninas Superpoderosas, usando seus ultra-super poderes - Florzinha, Lindinha e Docinho, tem dedicado suas vidas Combatendo o crime, e as forcas do mal!
E assim nasceram as meninas Superpoderosas, usando seus ultra-super poderes - Florzinha, Lindinha e Docinho, tem dedicado suas vidas Combatendo o crime, e as forcas do mal!
E assim nasceram as meninas Superpoderosas, usando seus ultra-super poderes - Florzinha, Lindinha e Docinho, tem dedicado suas vidas Combatendo o crime, e as forcas do mal!
E assim nasceram as meninas Superpoderosas, usando seus ultra-super poderes - Florzinha, Lindinha e Docinho, tem dedicado suas vidas Combatendo o crime, e as forcas do mal!
E assim nasceram as meninas Superpoderosas, usando seus ultra-super poderes - Florzinha, Lindinha e Docinho, tem dedicado suas vidas Combatendo o crime, e as forcas do mal!
E assim nasceram as meninas Superpoderosas, usando seus ultra-super poderes - Florzinha, Lindinha e Docinho, tem dedicado suas vidas Combatendo o crime, e as forcas do mal!
E assim nasceram as meninas Superpoderosas, usando seus ultra-super poderes - Florzinha, Lindinha e Docinho, tem dedicado suas vidas Combatendo o crime, e as forcas do mal!
E assim nasceram as meninas Superpoderosas, usando seus ultra-super poderes - Florzinha, Lindinha e Docinho, tem dedicado suas vidas Combatendo o crime, e as forcas do mal!
E assim nasceram as meninas Superpoderosas, usando seus ultra-super poderes - Florzinha, Lindinha e Docinho, tem dedicado suas vidas Combatendo o crime, e as forcas do mal!
E assim nasceram as meninas Superpoderosas
E assim nasceram as meninas Superpoderosas
E assim nasceram as meninas Superpoderosas
E assim nasceram as meninas Superpoderosas
E assim nasceram as meninas Superpoderosas
E assim nasceram as meninas Superpoderosas
E assim nasceram as meninas Superpoderosas
E assim nasceram as meninas Superpoderosas
E assim nasceram as meninas Superpoderosas
E assim nasceram as meninas Superpoderosas
?
?
?
?
?
