L 82
TeuamkFpKtwuSOIwSvPgzjHJAkXgfqhpYlaPxNeaVPTnyIvmWWHwmnMmqQsWTWwPQOdjDqusnZVROfnZVjvGJkkqGaEsmYztyjVd 100
vacVWWwnJMicOoparfIIJUxOUKTEsJkewbWYsyEhSSZZSGdOkqQJzBPpyXOkbstWOtdmKPcBozFuWvLhlUdLUGCPZXIPStpjGigc 81
G 99
lezghVarNBDVUlShSJAwpVQJQcFbOXURrQcmskGUvoKBlnnJVdYKdQJcvhlqHtNoJcIadoVyUPMTujITBDjXlFKOcxjGodKRxsYw 91
R 82
KgOsldVcMuyBEIjlFSRtQWhBFkAEJysoXroFSscXeKxTarNonIEDfZUXYRdjOkDUdOPOCuDMPIaVTAgWhJdjPurRMAouFaDCdmTo 82
HAGFRGpKmHJOcmczZZlnkutgiaxAAjfFFFjfEiZFopyQxkJNceYEwnksSWkkaPNCRmdWfuHvrNgaJDuchNfIDcTFUOrmtTTBepqs 90
z 75
H 91
r 51
rJDCysqNLJqeaEIoaEqoWBERJsFGktPTvQYcoXmXpWMRyPoQvhvMWKAoOWjHMeWQmPvRsVmXYNgCFjEgfwPIVNMAuYBaJORHzYgl 81
UfSkPBSOFChFcSyrkmvxoAXRtfBrqoLVyQkHPeRHeetRXcNvCZtbqIGMRisRfjNbhOVEsIIShuFmvtNKnvumsNUPRRTWZdIVdFfM 99
JoxvwlWkzmgjONoFJEKSmiyqNvQMrNJZryeSOkDpVeWdjLIaaJJLFnNewqPEbWAoxEriNIsmLcqyaZIRXAOATiAAYQpscSWTfMGw 97
r 96
T 90
T 98
g 79
Q 98
l 70
HlVkGjMSaAvcokPuHHHJuvdiHsljzXrUyTEWNAyCPJcMyKfsgRNUfyQXMXLrWHRzMvuQYuOzzHXbdsAoyLiYvIAzxwXXzXoGjqAU 69
nIJdEpzJtJtfZkUpurXZSOttYKQbxaIwPzesNjkaBLsRsuLnzUBBoBEUSpJCMdGTxMMjrftPXNUsfvPQyreBVfOukAznAdFSbLfQ 90
c 84
gcpnFQufcAdAoitopbpWFmNlEXTBHPfzrBMDaOHNtVUPSTGPVaiBkzcqaSruKefFdSZCIUKUliQHatOePJPImlKoqArQrhiWxEac 97
vqSChIDVXbOtTShvDXqxQiAtvYJWqMZbzPfwYqsCPcBNnCHyHxEZpMbowNgnxcnFBYXGbEGtbgmXDZPJUITiXbRHjtjpoOdTnCcg 100
a 66
DSidSPohuxxQjFzOUhMsqpCQudhLNJZNdVoAncQPnoegrmAfIDdBjCBoHIjsmJRmdeGgBPptrVpAixVEUXhAgUDqrYuWyBgMNDbp 83
obBWrHyqaNyZBpTxdbNCPrJoKEwfDYCttmZJtNxPaOKMGotMUdtQrTZurUJWnYuBLUdbhMQRXThqqYRiKxXWRtjcfMGocvlltKsH 85
V 83
n 87
T 91
VlfeuvSpPUipPOfacoBqQDUJTiDaoKvSYjwyefBrHhajIAZITPKiWLsXvFChcpAgfbrGKCgxMhGoxkHzTCgydJQYjjKdUByENSje 36
eqkwbgQjUrqfAQZovTOjXlahMwWippezhzOBbvzbSQLmdWkqTmKqZcMQcIOECAKvNUlSmfktLclRhyDPjrqWVJhdzxwTYzPnwjpD 69
t 96
CpWdVICJLsdMDeoFijLTWGfGLxdKzanEuFsnlvTtuNUnUHnJoDlhiaXxbdnWIltMUBZEFVIAOvrwOoEpbIxNqAckMPNFzrZXJzUm 68
x 100
VQdeDUsdurVwDEHTKygqnfvXnSuHmMaJJWyDTOLqJPDYAVfqvVCTgxUeyyHAQVxiYIbSDyEApFOobmegfIRigjZBJtEiQAcvXTbY 14
L 85
N 85
FFsOGkFYOcHerBFQBfcMYQNgikeaDYdHNABvBmqwXvgqWEgJNvHcoJnBMOnFifaXsHeiXpQbcrQKzlSzJdiLgAPAXyXuXfpQvdXk 98
i 97
cpCmKxgoAYwfeTFleBSZnEwQeFgRGgKgdessosWmlAMVIPuUzLOizeTooBaKaeMWeVJbirPZqUMXFAtHqcZOlOzuGizQtAOGmhNi 96
kjVoSYWdtxUQyLLZMqUplbLJKHTWvntIuLVrmMOJEOvXnJTuwZepJJJeLczguzyAYAqYDTyFZioKdDAMwxYwVedLYWvcnQpYCoeG 24
BMkjTmcOrBQbQTOoFLuBcGEonNabPsJYARLAhIKrZKXHeTmTUqTgbwAnfepumZOjLOqCDmHqvZBcEpdGLfiIUSzxYLENVBsvKTZD 81
tVLoZoWInWqXEjnygVJZMXUXgCnyCvZWJKfMIqchVPMpytiLoJWEOYTEmHlvpiMcAhXghrjMZnDZSoKlJVXdjWryFletdCipgshA 94
zvzOhmlJeqLlWENVAQDLaovbocdQCHpoOUxONZkjrEIQbAiaiKZTHyKwnuNoLAaRLJaMDqVjoxQsZwUeYsiVZDEpgfLzXzLqWjvN 98
P 91
R 35
b 85
O 97
SiJPYRlkBpgPqRdLBEthPUMJIIeDgtKvMfklwOhHfBvqgvLhWOTjbAkRcMEpnhGVvPrNUvqHSiTwCFtgJozjREiSpCXWCFwPcVhA 31
U 52
E 100
N 60
ZbvXvaFlMNICEpapFbVcGaCcWxAUolGOsRJTldxytzuUyoEDFoTzgYPWOmxWakIpNXRbfrlUpvhAsqWvTBHVtbBvDdVKiZkJkScu 91
geRIhWxEHyFSNXDurmFeAhTIUzCHDLvxnsbDRispDhTKBkUkUALAtyrxAFaYtYngNGlbrvrCIzBLPRvRnMjqbuJIREmzDQLOwaZj 98
OIPwrJKxMQTmCSjdltkhXtIJdupTZiIPLwRDjKtxkHbxuOBHDwdXgZjzkmRLbbEpTQbOgtXWVoalTxtHhWfppyrwjHJuPFHOXzmE 94
j 69
FEZxFvzVclgtatycQUDZmJVtKNGevwniGkntauktsNTZNhIuRsNxUIWOKPXOQunkVOtFCkXqjfFZCLBYsjtgiLbXCacyHHglxgio 79
gIEYmFOGiaXxSDeDCWaYvayceVOPsxeadZKvrRKjFJXZKtSmJXSWfvuONlExgSkruzdcbiBEpqljwlydMUIUAYBAyACgmlSHykCs 100
diWZFBDAypsfiOwOGUqwXjyuJXFzErEDoQvWQUzSyhvccsyuQLsxHpupaWxvMliOkRtHimLerBAuAgfpAvXmJAyOVioBsNuIHkUa 98
r 88
Z 84
I 76
KSLoyvpEEYaJYVhkHHSgbFoayhcGpyInhiLHfjTTGbiZQSdaBDowCSxQtOaTcrUHvRRUCYJFdIqeFTbzijmERxnKIrGJsRiLlNrU 98
Y 80
FTVLeAtjvVYDAiYrxMhZEZMgYVoAOHzUEBIyZLYDTwjcvJDJwRLnUlJnYIzxoUYIpFErMdFMIwcjGLvezFiEEghSxoknqHhGwqPC 100
mLSsZxRXbcsWhZnvNCubgihjpGMNIMGFmMaEjYPwicORLntuGWPlSvrdUjnQJyyssXIZCryWdtJTmtVgMVaCszJRZOzHiVqqJuxH 91
U 89
I 92
DLXyAsaQAnnAfsAAiywTUtVMDlEGXyiYaNREyhvMnqikOuFwbjJUKampVakuQHhauMHVvScXxrjzkvONeMSpTxjnkhrojlzvslvk 93
L 98
I 48
k 93
r 59
m 99
KqOIWNIOeJPNZojgQKOJjZnSEBwBraKrbMRvblLcXsnqOQEtXPtQqBdSWsDcVaYQLFYGVEsycdVKxhgtJcOQxQsqVbQwRPPDlgqR 99
oOeIUwtTEtEkJxQpSRgCsOQNSsmespDhwhnHqbwOtGhtQaKpIrWnIAauXLycIWvCtfpjBydjMdhnGXlDrTTbGGFmUWLUOqFzwcZF 94
TmRZGYykHKRmxckKZVdznlHdCMUSxiFmlycParZzlzmpWpYdIQdowmVaHaiZLtjOmgjNmFwAeYvOGirSbAQchmPeEhVTrcxzSGmD 54
NjOhpDcZQhoYEyiFuktNsETjIzpepoiQDEuCHjPaRPdTMzeIJAZLIeErESAVXycRJBKRHbLEotjhYJcdxUFPyKRxxZoZKusBivJM 83
k 88
x 79
I 38
XgjedVaQDchuoKsMqGzNvtPTMXdMxcimbcpaNdgBoSstCSJYEohHjNYBopeJtrYsAgiGWeIvbRQtnHRQVSelulOzcVHtFlAcpuuq 99
iewghQYBOxNhIaaDEJwShYNtLBbpXGbEGTXgJWPLCGyetDXyZhJhPNhFZuMwbSLGSdpAqlAPXFfASVwgwvlXeIItSIrbIfpYIwYE 6
hmpZzjOXrrIEVWXUIjGwmzQdwHciIkJvIHNhOLzAwPqyjEbDADJUdvtaMPfpDktQUONBnFePwyFsaxSpSFgbdyNDiPCnLzbwzRCz 98
dzGbjyvdAeiTFxrKbSZaHbRiojmrMOFrgLOxIjYoNxipnNxATrMjEuKCUoShXIodWlEvSZuywyJVwUPznJXzDsKmYjBLYIJkdIJY 97
knErKbvlKyKhHGqdwUuOkoowYfDzgXIdnMZsXRehOWZSpTulXUzrSjUdHlgnFoGNaiNzmpKhJZJkqwrACxCtUdhAobNInchtEmDj 79
m 99
O 67
hEgfJnFprWpPbBaOtLKudThZZIfmpPeARSNTpZxGKUaEAsyLPpRtrJWySrXeWhwdDoEpiTOxGhVEnXEHUuSwZsFIdKKXGPaAuZEK 88
R 92
q 99
hSWwxwgZpwlsldjdIcRaJyGLbEGWDdSLjTpfSNPOITbbDEZVyhSGZlnTRtIViNKEqCXIQYPrDEYvCytGiYWNatvKHspbcLLauJjK 69
k 18
kAaWbdXatQSqkMSbZzxPajSchpxBAkmLzllFKhNhxxnmmuDqiSXeJHcRPLEUJyFlteUWCbOrqspaFGcyHLCaNWtoPIduidNWILGF 73
KvBDcRYlOcxYlzAvQUZZaGRZHMCfrmxrakZIMTRfzeFjIdyATVvKHYUJievNqbKRAbbnlPoXjPRhEjunTjZMFEuwSlPOgZWughWJ 87
u 84
GnBebvHjpVGuwXurWgRnlpQDuRrSpbjkdZHfsVOnYrNHPtkIlfzIREJYvCHCUPkYEtHfWZMsXQbVvUyFHrARzXUdhYwJAroFuTvm 80
K 55
mBFqoKMCufCARXBiHkhbjSHAxQMUXwoZRISJANywFouFWykYOcKIKqHuHAqsVfbTPTcQuoDROxNfMhdjjgDLjaGMuvyuDdwQcCAD 92
S 70
LkKRzwenDRlUaxeCMfsJZSUrVgMrlqaUsRApLUThENcPETRxWcQIojBQukHjKiIidzZPgTEHJCzfsRTWLyFhHeZOkcMjGRhNpAtb 89
boMLewXnlPMOhsygPgjjGVjubyqvuPmDAcRUCTExKlXBmXGsbkRrDGxPHhwkcfcFQeIUGbzBwjraCrWfDMdsXxlXNUjTcakLkLNG 93
k 43
Q 49
G 100
ccnhtaEkuqbiaXkQUvwWHpbDAlkHPeHoRhUFYAOZOrmEXQHkRXhSFcASCkQflsiutzKZUaVKlYvGhmyUxBDwnUiCHiGhtltbPXAL 86
IVtVaYQUPRuUuAJWdXczzUTeDBzIXiNSUgoBfdxzAXBtraedArsejzIltOSFJMqkdtxVKYckcVWdlpjUPAEGAGdriGOrBkddLQLT 95
oNbWLTIqWUXemqtJLgljhEVsXGAaYznoovTYDssLPjxDomZWQilfaaQyqvpcWNoOTEAfuBIxgKVNqOJOPrwkrwsYVUZNsKsNBrLq 94
r 100
rBDvuDBGzEeqRQUMklnyWnPuVdffETFpRXctHooOgOQTxJWmttjIZAZzGCXoCyEEgHutESVzslopodwRPBLbFEeWlnvGUuLGqEqD 100
v 76
F 85
eIgdydWLLwgaUidSdKEZCXRaFwhLvwBlUKhfyDwAfsaBTCSnnKGTWufVhiyCftlpkUPjIdqigdpXvZjkMhUQTVrfJAKSxrnGUlrB 42
C 93
nvuPWlEQPIrqjfNsrsNQOTVoIRHvNnKyxYmSISFjUDfrcQdjUYUaBLbjvROSZNatutigfWjXpdtXQuToefQdObEchrGqCNMXaYPf 95
nKZoNofIeayqxDUAKxpiKcPLGwaumzwrcvoXAfWrEUnEuLwBfbWVxGWTLUJshDgqMpBznxuaKyqPEWthbTiBOQAaHXxDFOMeGXwr 100
h 100
pbDfcBoNICSxPlABSCQlDXjYcEUesuzvOIYPzOzLCfcwJywiXXyBPJNFQNTUOzWRyDcmPlXbiXRprhhiFIpVcrvEExVvkfWbZSMy 65
DSFiLPfgYUvyIRKoXlTTmDmZhAZLhFOeldlGxIzbFinNNDCZuEFclygSiKRFMKuiVsWQnTHrBdEmOgeQNWTOtQuGSLkodrzZnAgZ 94
K 86
XhsPZklJvHCCtfVchvpqGORxysTxfenpDnmdinVkDciyWTdllLYGNreOLqQEVLdXayyAQYbBBlYoRdbXkmHrrbufPlDBennqNyCE 77
aUwQORYWhoavkYtllDgZLdfSHwBnSHTQWFfeUDmSfOwUxEZlWyxePbiseuLfMUZLFlVqtgYiyqslYMVyTWpphlEIbrypYvqORImB 81
MeynWmrwsBKiwNtFFQWfnYENWJJYLBNBIjqOdIcHZNreHVkiNQhGtDnrRIzUPuDULhXILZwgQdQVtOlNfRznJAWepsPgeDJzodbn 0
v 93
w 93
jHNggjxMMsxbDEFaqQClqtxbtCGHUKTYLHARyROOMUpbtuugpXbMrXXFGuMBasicZNLoHBUoOuXdUyQbHcXUWZoUszOyEHaEiCOA 91
U 83
JVClZJNiJCvgLEZyAKcuMclHjnBztpaOcwHZZrgZBhuvLdIpOEHpkwdiewLkwqbemcqgNcbSMDcDuzKmMxgmDdHOprVTaiNUlgxQ 86
t 100
W 87
bfTuZiGjvDfBGtVsMWbzdHlBSVkugZnRYSXwCaNrpIVqxtYJMkusHeOFevWILwfiHQjrQXihJqRFbeMmkpvWgJELdSKIYUTOkYaj 87
L 38
Y 92
K 59
J 75
cCJRoQrKsMfXFroDMwpbvJuAiXjRpWvxeelmFAShgnQtoRlYUCShRXzsWMlhJNrvkxGxQCAhcZKNqRwoQFnxmMvRHWTyutueHYhz 91
y 94
Z 81
f 54
k 95
fUqfhVrJIKiXBttwytRSZIDNFNCclVbbNWxnNIdGhZRagxhgFgBHvpZkaDryOGcFGUSMntSDqXBjAydAStmBFbfdPWwVuBQRgclm 85
f 87
yjjzCBpelgpKzhVatDXbBoAjirWMlzCwptucqECxwImxpiIQXhZXRBeYKBpUqndJkgbjGRaplImOlvjEUcvtDvWDUbrxECiJsXTm 72
PawysWQmrWOWsPNPxMwwXEmfgXFKtruCAkPFIvSmbwrcqzqWAVaApekCEEERKzLnsyYwgQsvTlPfpDfbohvlYEmhtVHeVoZQsyvk 72
QhgKHKrbyEnrEfaOXLENyBrcvwvJVeATtvdVptqPfcFnfbKmfTHryFYxOKbHaGpDUZkymxYHNWQLvHNtIstTLkTjJALowDITNJxG 86
h 100
p 100
C 54
pvfKdscAIEynIMfvEPZqhcmzwdUBtgpgTRaLMNIkHbnniDffdFQLpjsIIcDYBMQfbOazIVzDsXQcXkTXdpzURiczmzeEiOoCLadP 100
W 71
a 86
A 22
HzafrApbMEmFFwhEyGlHJBZAXqdJzFAiMjJyVtvrRhfnPkMQkJKYWkxjRTSQqepNLhGBSXPdyeSjxbIfKuGmPLTscYbMYgHFitWZ 93
YPXNNdQsseviONJtTMvejbwePbvAxrGaLoYUzsXONGDquHJiWdDJkJITGhfBiRXyMewkpApjTwMyDrYeFLLzZwgXbHdqOqxaxpjN 100
AxCfVmHAvtvVKoMTvKSJMJcyljCNziixvxJSbvRXFjCaLOSFQeqsuKpZzdyjkWoFAZIphYdWpPhOnRpETQtsFbNyVmrdyZmBUUIC 94
F 100
z 44
wCcPEvuFEfywXvLMmSpZdlwshcPYRiqgOKPGwIBhoBkreGoFxvljcASIrioXLRzGnFLzrcdQZOivLmKqoOFJVpaFckPPsfHMFvLj 100
JYBuKSZdTcRCeYxkkCXFkpTQPAwRUOfTyExIDBCDmMOqsjalUnoXunsxAFIghOfRLdzorqWdoWdSLifJkShhNErGNHWbmTxQQwiu 100
JyCEZRqTbHHrsiydlaSSDcgTIoBpZxKGfZZYBiuZSsirOzbKuzZPpSkGCQFKVOmCpMgcHsUOsujWstRwYEGliRsbDNtkSNmTBAaX 86
z 93
RBlYkWERvQLoPNaweDYQOlhBSPFTeFQEwxFyFQKnEbNnpwbdUxOSiJWpgVSchaOWebpjqcBNjygASoxKzaMjPphZiMzAEnMLneKB 62
B 100
A 80
JihOBauMEgKyXRqTXRbStJvKuYjyIqGoFdzKTAWwSySyZaiuuxtZjtgEAVAdZfkpOjERvRamgGUQOXgmqRwOuJmgZOKodvGndJCE 91
N 47
nXYpBxGAHQjKZzfgOUqSLITmxoHoIGoRFSYvlmXhKtzfcmAdQiYKJTdgkaUkYMwQiTNbRzVXUNcnLEZahpIsptbrpSMVLALhykCE 90
CZeIZFkSwesGDCPyjMnpvGmhxJejXaYyGxoBsUtRgOvnVnczdPgtmQIguMdXPXsipHFJUWcnlcWFcQMkJVwnJGtHcvdzMEjgFIOy 86
F 93
U 100
MSfsgDGUOUabpUmmJQuXTGKhPshGpVGsJVpajantCdJUzyDyjUyuHrUCluxVZdDiTCUgngwYqKmjXHCqDDoSRfFlLtySnBfCEgBd 65
Q 87
rmhNPmyucxMBXuAmrsmNopwpQjSxzIRWkZkfxdQUDICXNVqhadKtFzzXBFmkwfguAdAQZtgtllaRPZBJnhomXRhIagNrWUrZHPiO 100
SQqjpFJUSDKnFBBPZGsZtIvWZoPJRxNEoRFExXpMGuFNHDSalGXoNZiohPtOfQbbukvleYeucAHduFhHzAunYRjFQONOAUAbcoHp 92
hYsGrdMcrtYnpJBSSffklPKPrrMTkkAbBWdpzUridoLyeLyndKXLLXqrOTawWhwRAcWEyhSbBXeQrtCuIGpaizysMMGJjsGuDtlj 38
i 100
eNTvrKuvfrUNQfuxBAjomaSgHrRgHDYVmATTaYLczyitxzvKVDbwlwnSROHWbKvgPXAhBaaieQVaOwqKSUBXbsXjKGoGmnoEEyTP 78
LhNErBuDpXSvYkhClmGRoONbUIJPmtVbxjwaUAjZejcwoJqeyUBlZKtIPluzrPeSRmsMXslmhKrvGfsPXpGULcRZiJesCvTRNILA 100
F 78
Y 100
lHkJcvviGAxmRgnULZeWSkOkVmSiVObfsZRxvWeNBUCtauZRGtWWpHyYcVbXbPCULrMXtDKnTSrebvjpOTkLDEeAGXwvyqXtlWYg 86
l 85
XTntEDgNkWuuUSFqlJyQmecKZBsglkhiitHZNbadQiVumaKzowaiQyqPcZCHmusuGSrLigaFKWrWDvbbBjlyxdgkDDQFFtKueNeP 92
V 79
O 81
KJlJqGXRGuYgFInptVVaBelSwLyLqoFFxmwMqKsGBssPDaPHXVjZNgdohBMlrsrrYYILGpuzZWJMXHVlBYVGWBWixgzGeZBjqBXi 95
TUEZVcSksqIiyhHWrvPalGXarfThrjhnmMgKBlcGxbLgJYShjWiBklUkXJBVSmdqMXDtUIvDjXrxhWNKBhnqWdsWLyfaEaYvPuZY 100
h 69
EiVzXYMNNvAbCzADzVFlHYDtaKdnBdiQptPhSdxKVcLwNRBDqGzyARbuBrwiIoNAAfrAxRUgeqsZTQPbkAYvfUWQOhSXOpEYjihC 94
l 100
tVFImTEACrjEyGZukQiZAiBDIxMeMzGunDxeqbijGmIKcEagicmirEFUEIIinYngFihgmeCQFqWPLQFnICsGxAxeiadohypXNiKC 83
T 57
BFtSmUaxaiGfEBMAskrgYvcOlVRmAqsOgQtcoovMjDtzatteFZzcARRUYTEFlIjJGqnBcjFZEuuhOxSRKGfnjPRwBHQdacffqIHH 55
C 78
QvYWYDggZLwlcAYPcGNlfPfZbrNXRpXlbuIzxHFZzdAnrLlNoHVNnryfFyeVnOrKTvOTfhESqkfcIsHMcNjiyejLhJRqaZhkrRrl 80
p 100
i 100
c 94
