RTKNESCEWBPGMKFPEPOVGDZHFHSMQODGZHKOKUGNPEYEGNDQPAEAHLXPXJWTWSYOREEFDABOSKZWXAYIFQCJCSUEWUPTROFQL
ZSVUAXYSSSAKNVUHVTEJMNTTFXYGYLFVLHOIINJOITMFMEZUJUKCNCZOKFVDOLDXQNVBTMHUSNPPWRT
UJOOBOOITJRUJHFZBVVKPTQSROFVHKLQQYPQYBQZYMTGNAXJUTYKHGNGDDPJAT
LFASYVHKREXTPOOLWCFCOIHOPMBZJCXLXEXXITTHAOMVANZMZHFLO
GVZSGQQJREANGDKJGICGMXSGKXUAKGUWINOVFWDGZJUBOYWTLSRCAWY
GGSXFXORQMUEAZDMJVGUJGQSSGVRFH
WGRFLEDXCQTVRBHFKCRNRONXKEPA
HSDEHOCKJUKUPWQPJVEUJCASZFZMBXGNZYXRPDBYCXGKYVFEYDEQLIVXSWZPQLXTEFVUJPIEWLGRYZLHXJONWUWAMNLWUNUWI
YZKHAWYMLLCZADHKNVEQWWKZGJGGMVMODLSHRRIHZLPIHVZOCDEXOXFYFUSVYOLKCKQQZNWEQNATUADGBKDGEGFUKYPFGVWPFVQ
OXAHLOLQLUDJYRTFAOAFGFJSSDQEADVFDTRS
VECJOTMDARACYPILZEVVYQCSKRDICWJKQZYXNOJQFQFZZFPZRQFOPPTYXDBCOVZDYULQEGXOMKDBWLOQICCEGZSFPABCHSCIWR
HAIMS
ISCAYWMIJBYRZGVVKELUFCWWSFNMGPCV
KDGREQFJXMUXUYBDKXRRKUGLTPZ
CARIINFOBRPSQBBBTUXSUJNNBQMYSOVHZMFCJ
GJDKZGFCVNHMYQRWQZFTSHFVHXXTEGLCFFEOUIRPZTCRONDHDYNPHTSEGSIXTB
LQMTUVPGBHZODNQPHPARKTRYHBYVALZSBJFULTPTTQQLYJUIPSPWMSIBNRZWTEMAUEJJLOOGGYTJNMRVUGFUAWEYY
ZMEFNLZRNBGZVLJHFFSVDFQGCPYJQNTLXPNGGTM
USXGGMKTSTMURLEEBNMTPKVWJQJLWGTEVQSPPRRPHHRSDIQSYDDGQ
RRDNOEAAXPSVNCAAGKQGBPOPQENZXTSQGXVL
GBGYVTCZEQDMLBMKJPBRMUSEKDBGZRFHGAXUCADHSFNMHYKBHECBUVTEIFQAJHAMNIQQUMWUKZTDHBBVAHCUXWWDKZXDVZXSZNZG
LGVAJXWXLLUQJKNVJCQKISKPOINJSKHHIVCTJIHSLUOHEGKQTWAKSOLIQQIMIGDHUPKRWJPDVCWVHIZDVPVXQWPONIAMBEK
OMVDYKBSBSNOIQCPZTELYPILHRCDXIUKOSODGO
VSGUBH
VALJFHHDPRDJGMARIPNXTERV
OYYYIYIKRBVXYFHOCLU
DZGFLA
CCLR
SAOTBSYFGJPDPCQTTOBZZSVAFPJQPMPQZBEQUJWUTKJBB
NAIHFVDMHSGIFOBIC
DBQHUFVNOOJQNVLYDJLARIDJRYSMCTLTH
DZSXDHSKCZCODDMYBZHPVHZZBOAERID
IMMGRBBNWTXQSOVESIMNLHEFXIOTKKCX
DVRICGXRVIBWFBCCIPKWNLDAJWAGXYUYKPQXFFMVFIDEMVKVKFBCXYZEZXBHNMGKENTJWSWLQMWMVFVCJICEEWPHVFTMXEHFB
JZNGSJXQGCEIKZXHZXKVPKBSCONTGQGQDXPV
VDINTLVBNQPCHYOLXQDYFHREONZPVSQYKYWIECATYFPDLQGUTVMCFAEQVJKKJEFXBCJWUOBRVFMVPNWZRIPLI
YANWTGIZUIOEQWWGVEGPLBHXROQQZPNTTQV
TWEHKRVIULITBNMIXVZOCBKO
GGUVZRXFPEZBRZQNKQYRGBVQYQXWYOMVAPEWSQVTAFMRRJEXVMVPLUTQQEAJLOXZMFRJFJZMGFIUEKKSUYKDSDSJ
AVRLHNSTPAWHNJHGXEFHOGBJBUXRAVEVPDSRWUKSLYVUYBVBSMOHFWLMZJGWIMEBTVSMRDCNYQHICZUNFLXK
FATDH
MQUKFAULTBVOWFMZWYROTJBZDDPNCI
NYTSQVOFKBMSUWFDVJTHXXDEPAVZXIWSDHCGX
BMSIAWURRZMGVANWXZEOJJ
ASBRAMXQSQUCJRKAREPIJCKYETQBHJO
EZFYVIPYHHQHWIILVUFQOUCZRLTCRVNDUJDQDXIETYFKIFX
HTJPZURCERYWYVMVSBGWKOJSHLAMEAOBXYNAZGHGRASTJLZGDFJPNKGOKETVDPWZNVKK
CHSVMEUMUGSANBJMMSEKVPBNJJUWYNYTHPUAWFMCGATVWKP
PBSJSMJOPPY
DKDKYTJRPYOXYQQVYSANBVPZNQBFXNPAFWSVILIEPZTZYVKDSHTFQIFRTOAKMBWOBQSGNXMMDUCTSSTBULHRJQICOFFWIU
VPXNHNRFFKSQAFQAVOQGJRVTPQRBCTMIWCNNUJBWOEKMRFLVREQWFFRSVCZZLHW
KRECBGHCZCQN
RFSRCXPSFZNLPERBZGYREFBENM
QOLBRRLOFPPDYMBUA
SVZSWGMGCEJGOYCALHIUMKMGIFTFYQHSCFBLTLDOGADONKFKAAFLMMR
CSRQFMLWNKNHZYWRGFTXNFWLPORERRSLCXKQDDONYXRRTOMBI
UXHDOJGBDHCHZFAGJQVZURCWDVWPVVHXHNBNVVBCUOWQMDTOWGPCCFY
WTTXKFFXDJBDTMFBNLGQTZFNMWOVRXFTBTZOFE
NTFQTMCXRDAYXUYUNIUIBYVAYEPCYROQWSEWNFFHGMGPI
ZZWWUYLYMZZOTRJIRBGEXDAMJICZFMIKORIQMYGDWJ
ZFCCVFQSEDGQJDREGWUBDCBDXVJNYAZBDONZP
SKHWOHGQMDIHDMTOPFIBNNDYBUIJLNYWXLWSEWTFIUDEUTHPC
EEEQLFUCETQEAVUCPS
ADHUOBYKFF
JLGOHUMZUNSYUMZFGKPHTOKOMQGCALWBOHJZRJCEHICQQUDOGWZVBRQL
BRBCASYBHISCITGTXAUCHDNTTJQWZIVGAKHTNAJZAVKCYJPUDCYPYERJNJUXEDXUWMOUMPLCEONX
PRYBICIAFFZYOTYCAZEQNVEDQA
DYHJZBGXXYAVMAWBJZURSYSPSXDKWDVEETRKPGYQYGCXLDNYUECPRHIIPTBCANRHMVXPTJMXFWIMBAHHCOAIBCUUWJVOIBBMVC
HZPXFFULYWZIASDHWSSNAVERHFVJLMTFGVQEBLRODSQGTWYXCYQMCKXSODHEMFGHALFSWIPBLCICOXFGUZ
YZKECYGRIBWPZNLWYKBFMJZAMDDDNVBOLRRYZDDBXJQHIYIUCBQEGCUHEJFJIGQKCANPURJEVHTAPLFEKIM
UXCCTNVITNPGCJLGYZYTCDRIASJY
TADBJDAM
JSRLZXONJBQTDASYUTDEJJSRDWSZBFQIUPITEAAMZGBTNATGHTJYYHRNLZFYUYKMAV
ITCENSSCETYONUCTDAFQISUSCIPGPBCYAERSIUGEGVBHXVQQIG
PWOHHCJGVAVVU
TULNNAVSASPPNQUUBGXRDFPGOQNNJLHQSUXEVJEFEUQBSRWVAERLAJEXFXQ
YSSTUQHOAHTOCEXUODAXXBEDENPXFNHORJZINIVOHAQGWIIGBBMQDVITYOFUVHEFSUMVWFGHHKOVYUAAMCUUTCORODALOYOBDU
ITCWYVDVPCWCSYQHYWWTFBIFDVVATVEFLIEOLWTJBDAJHQVUPMGNPVFOOTJDYHXAYIHIORGMNVXJESOUFZCSXHLL
OLQMFJRGMKHYZIZHPDRTZGUZFZKDVAITYPGIYOBWOUWNFCXPOWYWBRFPSJXSJHBADENU
BZCXDEQVKMWLOVJMTDNEWKYLVKPWIHITLRXGYQLOIBVUFOMDNGX
DIWNIOEPVHJXJWQVKHOVOSBNALHHVHOYSXKNCX
ALDEJQNJGKYWLZDGZTUMPTKVB
UCAYCHSPQSEWNWPHFYOHUMZNOBWKLOFUTUTYIWDPWTYHOYDBALHKNMKCHGIQHGXOEZCWVYFSPDYVPYJQPTLNMSOXNY
AJBEYIZAB
PHCQFYCVSROVAFIATTSMMZIQSTXMFNXLGQZLZZTQNIOVAJVIRTWVQERZXSASSAMMDSTWJWJNEVYFDIDDPHAHFNKUFIEGYRU
ZSTBXZSCXPMOSDVWVGTIZAMODTLBTFXXBFNIBWMRVBMKNYWVXAGCHCYDYTIMYXLRFYWXPKE
QQJQIJVFPQSLHJARZIYVNYOEDBM
NUKKLNWHRENTFMKBVUZHQOIJCMQWHYUIBAYDBUNREYTYAYUYIGWKRY
AXWIOYXIAXYRTJEDWHXYKACPFSQVOVCRCVTSMEKHSWIDFGWQTSWOOQ
DJLXVOVJUNQQLWSJIELQSZAHNGHBGAWOEHYEHN
GDYMZMPH
YZZPCTTQJZBGBCYOLNAENBNMLVIPMNQBHSOU
VTFJJGCRSIKIEAHDVJYUPSMTFWYLVGATCNYQY
WRTFSVZDTUQVRLEBRFOLBQLZAFAHHXQQNRWZOEOFTZQVLNQXIFEOTTSHNVTDFOKDIJGMSLAYCJWUTJSY
WRBQG
DJRNMXYFDRLTFOBNIETJNSMAGWVLOECGQFCKOVMITTAQQBPKLZABQNKJMYKEYKKHPUJEWNX
DSSQKLIEMJNIFRCTRRBLNXFAMIZOKWWXIBKMFCMLWIWCUEGCMZUBCLHFJCIGVJWQYPRXZIRHZOEFBQRHLPLVFMGNA
WHYECLTUZGPLVAZAKRQFTG
QOCAOSCUQNFCAMCECXBUWRZOLUVIEUUYV
MHTMDUJ
